<?xml version="1.0" encoding="UTF-8"?>
<testng-results skipped="0" failed="0" ignored="0" total="1" passed="1">
  <reporter-output>
  </reporter-output>
  <suite name="Default suite" duration-ms="12094" started-at="2019-02-20T09:14:02Z" finished-at="2019-02-20T09:14:14Z">
    <groups>
    </groups>
    <test name="Default test" duration-ms="12094" started-at="2019-02-20T09:14:02Z" finished-at="2019-02-20T09:14:14Z">
      <class name="com.gago.test.testsuite.TestUserLogin">
        <test-method status="PASS" signature="setUp()[pri:0, instance:com.gago.test.testsuite.TestUserLogin@7cea0110]" name="setUp" is-config="true" duration-ms="9835" started-at="2019-02-20T09:14:02Z" finished-at="2019-02-20T09:14:12Z">
          <reporter-output>
          </reporter-output>
        </test-method> <!-- setUp -->
        <test-method status="PASS" signature="userLogin()[pri:0, instance:com.gago.test.testsuite.TestUserLogin@7cea0110]" name="userLogin" duration-ms="1148" started-at="2019-02-20T09:14:12Z" finished-at="2019-02-20T09:14:13Z">
          <reporter-output>
          </reporter-output>
        </test-method> <!-- userLogin -->
        <test-method status="PASS" signature="tearDown()[pri:0, instance:com.gago.test.testsuite.TestUserLogin@7cea0110]" name="tearDown" is-config="true" duration-ms="1015" started-at="2019-02-20T09:14:13Z" finished-at="2019-02-20T09:14:14Z">
          <reporter-output>
          </reporter-output>
        </test-method> <!-- tearDown -->
      </class> <!-- com.gago.test.testsuite.TestUserLogin -->
    </test> <!-- Default test -->
  </suite> <!-- Default suite -->
</testng-results>
